# JRE version: Java(TM) SE Runtime Environment (7.0_80-b15) (build 1.7.0_80-b15)
# Java VM: Java HotSpot(TM) 64-Bit Server VM (24.80-b11 mixed mode windows-amd64 compressed oops)
Heap
 PSYoungGen      total 647680K, used 24256K [0x00000007d5f00000, 0x00000007ffc80000, 0x0000000800000000)
  eden space 611328K, 3% used [0x00000007d5f00000,0x00000007d76b0260,0x00000007fb400000)
  from space 36352K, 0% used [0x00000007fd800000,0x00000007fd800000,0x00000007ffb80000)
  to   space 36864K, 0% used [0x00000007fb400000,0x00000007fb400000,0x00000007fd800000)
 ParOldGen       total 86016K, used 50550K [0x0000000781e00000, 0x0000000787200000, 0x00000007d5f00000)
  object space 86016K, 58% used [0x0000000781e00000,0x0000000784f5d8e0,0x0000000787200000)
 PSPermGen       total 76288K, used 37878K [0x000000077cc00000, 0x0000000781680000, 0x0000000781e00000)
  object space 76288K, 49% used [0x000000077cc00000,0x000000077f0fd980,0x0000000781680000)
GC Heap History (10 events):
Event: 16.858 GC heap before
{Heap before GC invocations=7 (full 0):
 PSYoungGen      total 269312K, used 264656K [0x00000007d5f00000, 0x00000007e8d00000, 0x0000000800000000)
  eden space 253952K, 98% used [0x00000007d5f00000,0x00000007e5276de0,0x00000007e5700000)
  from space 15360K, 99% used [0x00000007e6e00000,0x00000007e7cfd560,0x00000007e7d00000)
  to   space 23552K, 0% used [0x00000007e5700000,0x00000007e5700000,0x00000007e6e00000)
 ParOldGen       total 86016K, used 24886K [0x0000000781e00000, 0x0000000787200000, 0x00000007d5f00000)
  object space 86016K, 28% used [0x0000000781e00000,0x000000078364da48,0x0000000787200000)
 PSPermGen       total 35328K, used 34910K [0x000000077cc00000, 0x000000077ee80000, 0x0000000781e00000)
  object space 35328K, 98% used [0x000000077cc00000,0x000000077ee17b18,0x000000077ee80000)
Event: 16.894 GC heap after
Heap after GC invocations=7 (full 0):
 PSYoungGen      total 277504K, used 23521K [0x00000007d5f00000, 0x00000007f9a00000, 0x0000000800000000)
  eden space 253952K, 0% used [0x00000007d5f00000,0x00000007d5f00000,0x00000007e5700000)
  from space 23552K, 99% used [0x00000007e5700000,0x00000007e6df87f0,0x00000007e6e00000)
  to   space 38400K, 0% used [0x00000007f7480000,0x00000007f7480000,0x00000007f9a00000)
 ParOldGen       total 86016K, used 45281K [0x0000000781e00000, 0x0000000787200000, 0x00000007d5f00000)
  object space 86016K, 52% used [0x0000000781e00000,0x0000000784a38788,0x0000000787200000)
 PSPermGen       total 35328K, used 34910K [0x000000077cc00000, 0x000000077ee80000, 0x0000000781e00000)
  object space 35328K, 98% used [0x000000077cc00000,0x000000077ee17b18,0x000000077ee80000)
}
Event: 19.649 GC heap before
{Heap before GC invocations=8 (full 0):
 PSYoungGen      total 277504K, used 273947K [0x00000007d5f00000, 0x00000007f9a00000, 0x0000000800000000)
  eden space 253952K, 98% used [0x00000007d5f00000,0x00000007e538e4b0,0x00000007e5700000)
  from space 23552K, 99% used [0x00000007e5700000,0x00000007e6df87f0,0x00000007e6e00000)
  to   space 38400K, 0% used [0x00000007f7480000,0x00000007f7480000,0x00000007f9a00000)
 ParOldGen       total 86016K, used 45281K [0x0000000781e00000, 0x0000000787200000, 0x00000007d5f00000)
  object space 86016K, 52% used [0x0000000781e00000,0x0000000784a38788,0x0000000787200000)
 PSPermGen       total 35328K, used 35047K [0x000000077cc00000, 0x000000077ee80000, 0x0000000781e00000)
  object space 35328K, 99% used [0x000000077cc00000,0x000000077ee39db0,0x000000077ee80000)
Event: 19.673 GC heap after
Heap after GC invocations=8 (full 0):
 PSYoungGen      total 545792K, used 22758K [0x00000007d5f00000, 0x00000007f9b00000, 0x0000000800000000)
  eden space 507392K, 0% used [0x00000007d5f00000,0x00000007d5f00000,0x00000007f4e80000)
  from space 38400K, 59% used [0x00000007f7480000,0x00000007f8ab9960,0x00000007f9a00000)
  to   space 38912K, 0% used [0x00000007f4e80000,0x00000007f4e80000,0x00000007f7480000)
 ParOldGen       total 86016K, used 46385K [0x0000000781e00000, 0x0000000787200000, 0x00000007d5f00000)
  object space 86016K, 53% used [0x0000000781e00000,0x0000000784b4c788,0x0000000787200000)
 PSPermGen       total 35328K, used 35047K [0x000000077cc00000, 0x000000077ee80000, 0x0000000781e00000)
  object space 35328K, 99% used [0x000000077cc00000,0x000000077ee39db0,0x000000077ee80000)
}
Event: 25.391 GC heap before
{Heap before GC invocations=9 (full 0):
 PSYoungGen      total 545792K, used 528080K [0x00000007d5f00000, 0x00000007f9b00000, 0x0000000800000000)
  eden space 507392K, 99% used [0x00000007d5f00000,0x00000007f4c7aa58,0x00000007f4e80000)
  from space 38400K, 59% used [0x00000007f7480000,0x00000007f8ab9960,0x00000007f9a00000)
  to   space 38912K, 0% used [0x00000007f4e80000,0x00000007f4e80000,0x00000007f7480000)
 ParOldGen       total 86016K, used 46385K [0x0000000781e00000, 0x0000000787200000, 0x00000007d5f00000)
  object space 86016K, 53% used [0x0000000781e00000,0x0000000784b4c788,0x0000000787200000)
 PSPermGen       total 35328K, used 35057K [0x000000077cc00000, 0x000000077ee80000, 0x0000000781e00000)
  object space 35328K, 99% used [0x000000077cc00000,0x000000077ee3c560,0x000000077ee80000)
Event: 25.407 GC heap after
Heap after GC invocations=9 (full 0):
 PSYoungGen      total 546304K, used 16370K [0x00000007d5f00000, 0x00000007ffb80000, 0x0000000800000000)
  eden space 507392K, 0% used [0x00000007d5f00000,0x00000007d5f00000,0x00000007f4e80000)
  from space 38912K, 42% used [0x00000007f4e80000,0x00000007f5e7c830,0x00000007f7480000)
  to   space 36352K, 0% used [0x00000007fd800000,0x00000007fd800000,0x00000007ffb80000)
 ParOldGen       total 86016K, used 52641K [0x0000000781e00000, 0x0000000787200000, 0x00000007d5f00000)
  object space 86016K, 61% used [0x0000000781e00000,0x0000000785168730,0x0000000787200000)
 PSPermGen       total 35328K, used 35057K [0x000000077cc00000, 0x000000077ee80000, 0x0000000781e00000)
  object space 35328K, 99% used [0x000000077cc00000,0x000000077ee3c560,0x000000077ee80000)
}
Event: 35.376 GC heap before
{Heap before GC invocations=10 (full 0):
 PSYoungGen      total 546304K, used 183208K [0x00000007d5f00000, 0x00000007ffb80000, 0x0000000800000000)
  eden space 507392K, 32% used [0x00000007d5f00000,0x00000007e01ed930,0x00000007f4e80000)
  from space 38912K, 42% used [0x00000007f4e80000,0x00000007f5e7c830,0x00000007f7480000)
  to   space 36352K, 0% used [0x00000007fd800000,0x00000007fd800000,0x00000007ffb80000)
 ParOldGen       total 86016K, used 52641K [0x0000000781e00000, 0x0000000787200000, 0x00000007d5f00000)
  object space 86016K, 61% used [0x0000000781e00000,0x0000000785168730,0x0000000787200000)
 PSPermGen       total 38400K, used 38101K [0x000000077cc00000, 0x000000077f180000, 0x0000000781e00000)
  object space 38400K, 99% used [0x000000077cc00000,0x000000077f135588,0x000000077f180000)
Event: 35.387 GC heap after
Heap after GC invocations=10 (full 0):
 PSYoungGen      total 647680K, used 3097K [0x00000007d5f00000, 0x00000007ffc80000, 0x0000000800000000)
  eden space 611328K, 0% used [0x00000007d5f00000,0x00000007d5f00000,0x00000007fb400000)
  from space 36352K, 8% used [0x00000007fd800000,0x00000007fdb064a8,0x00000007ffb80000)
  to   space 36864K, 0% used [0x00000007fb400000,0x00000007fb400000,0x00000007fd800000)
 ParOldGen       total 86016K, used 63195K [0x0000000781e00000, 0x0000000787200000, 0x00000007d5f00000)
  object space 86016K, 73% used [0x0000000781e00000,0x0000000785bb6ca0,0x0000000787200000)
 PSPermGen       total 38400K, used 38101K [0x000000077cc00000, 0x000000077f180000, 0x0000000781e00000)
  object space 38400K, 99% used [0x000000077cc00000,0x000000077f135588,0x000000077f180000)
}
Event: 35.387 GC heap before
{Heap before GC invocations=11 (full 1):
 PSYoungGen      total 647680K, used 3097K [0x00000007d5f00000, 0x00000007ffc80000, 0x0000000800000000)
  eden space 611328K, 0% used [0x00000007d5f00000,0x00000007d5f00000,0x00000007fb400000)
  from space 36352K, 8% used [0x00000007fd800000,0x00000007fdb064a8,0x00000007ffb80000)
  to   space 36864K, 0% used [0x00000007fb400000,0x00000007fb400000,0x00000007fd800000)
 ParOldGen       total 86016K, used 63195K [0x0000000781e00000, 0x0000000787200000, 0x00000007d5f00000)
  object space 86016K, 73% used [0x0000000781e00000,0x0000000785bb6ca0,0x0000000787200000)
 PSPermGen       total 38400K, used 38101K [0x000000077cc00000, 0x000000077f180000, 0x0000000781e00000)
  object space 38400K, 99% used [0x000000077cc00000,0x000000077f135588,0x000000077f180000)
Event: 35.674 GC heap after
Heap after GC invocations=11 (full 1):
 PSYoungGen      total 647680K, used 0K [0x00000007d5f00000, 0x00000007ffc80000, 0x0000000800000000)
  eden space 611328K, 0% used [0x00000007d5f00000,0x00000007d5f00000,0x00000007fb400000)
  from space 36352K, 0% used [0x00000007fd800000,0x00000007fd800000,0x00000007ffb80000)
  to   space 36864K, 0% used [0x00000007fb400000,0x00000007fb400000,0x00000007fd800000)
 ParOldGen       total 86016K, used 50550K [0x0000000781e00000, 0x0000000787200000, 0x00000007d5f00000)
  object space 86016K, 58% used [0x0000000781e00000,0x0000000784f5d8e0,0x0000000787200000)
 PSPermGen       total 76288K, used 37850K [0x000000077cc00000, 0x0000000781680000, 0x0000000781e00000)
  object space 76288K, 49% used [0x000000077cc00000,0x000000077f0f6ad0,0x0000000781680000)
}

